2019-05-09 20:23:46 [::1][-][3kqt69iinvmcih5b5git25lbus][error][yii\base\UnknownMethodException] yii\base\UnknownMethodException: Calling unknown method: common\models\User::generateEmailVerificationToken() in C:\wamp64\www\srconsultores\vendor\yiisoft\yii2\base\Component.php:300
Stack trace:
#0 C:\wamp64\www\srconsultores\frontend\models\SignupForm.php(56): yii\base\Component->__call('generateEmailVe...', Array)
#1 C:\wamp64\www\srconsultores\frontend\controllers\SiteController.php(156): frontend\models\SignupForm->signup()
#2 [internal function]: frontend\controllers\SiteController->actionSignup()
#3 C:\wamp64\www\srconsultores\vendor\yiisoft\yii2\base\InlineAction.php(57): call_user_func_array(Array, Array)
#4 C:\wamp64\www\srconsultores\vendor\yiisoft\yii2\base\Controller.php(157): yii\base\InlineAction->runWithParams(Array)
#5 C:\wamp64\www\srconsultores\vendor\yiisoft\yii2\base\Module.php(528): yii\base\Controller->runAction('signup', Array)
#6 C:\wamp64\www\srconsultores\vendor\yiisoft\yii2\web\Application.php(103): yii\base\Module->runAction('site/signup', Array)
#7 C:\wamp64\www\srconsultores\vendor\yiisoft\yii2\base\Application.php(386): yii\web\Application->handleRequest(Object(yii\web\Request))
#8 C:\wamp64\www\srconsultores\frontend\web\index.php(17): yii\base\Application->run()
#9 {main}
2019-05-09 20:23:46 [::1][-][3kqt69iinvmcih5b5git25lbus][info][application] $_GET = [
    'r' => 'site/signup'
]

$_POST = [
    '_csrf-frontend' => 'plgdtjldZewLICE9EkEMY9PG9e7RJlGdMkUwfejkHGXfCV-bUi46pDhQeUVeG21boKGzvYkTC69_HGgH36BIHQ=='
    'SignupForm' => [
        'username' => 'MenMen'
        'email' => 'srconsultores@teste1.com'
        'password' => '123456'
    ]
    'signup-button' => ''
]

$_FILES = []

$_COOKIE = [
    'Webstorm-9b1e882d' => 'cef382a3-e553-4d6b-84a2-b1b9178e5562'
    'Phpstorm-2d701e70' => '47034a8b-7445-45ed-ab93-3de906270b16'
    'hblid' => 't8xEsh6kGO70VyOz3m39N0Pabjoa39AR'
    'olfsk' => 'olfsk46817097319327705'
    'gowash_retina' => '1'
    '_identity-frontend' => '44df43e014f2ae07679d799f2ddd7fac618b26a1db366e20e55cdc66c09f1c86a:2:{i:0;s:18:\"_identity-frontend\";i:1;s:46:\"[1,\"QZzO868YftkKIxHTGgZZPT7VYNy-1GWK\",2592000]\";}'
    'advanced-backend' => 'pn6c6ksr6tijpf77phc6tfv852'
    '_csrf-backend' => 'f917fa60ed413c648f20b39317322510ba8c30b6e22aba373c87d087385f9249a:2:{i:0;s:13:\"_csrf-backend\";i:1;s:32:\"8MdvY9XwLiskfpAyAnlNzlBz_ClfMFS6\";}'
    'advanced-frontend' => '3kqt69iinvmcih5b5git25lbus'
    '_csrf-frontend' => '3365e75cd3a880d56ea323163f27f21b10eae798fa11fcafbc79d8df953783d2a:2:{i:0;s:14:\"_csrf-frontend\";i:1;s:32:\"yQB-ks_H3pXxLZa8sgFSX5Z2MYXz7DTx\";}'
]

$_SESSION = [
    '__flash' => []
    '__captcha/site/captcha' => 'hpbsqus'
    '__captcha/site/captchacount' => 1
]

$_SERVER = [
    'HTTP_HOST' => 'localhost'
    'HTTP_CONNECTION' => 'keep-alive'
    'CONTENT_LENGTH' => '235'
    'HTTP_CACHE_CONTROL' => 'max-age=0'
    'HTTP_ORIGIN' => 'http://localhost'
    'HTTP_UPGRADE_INSECURE_REQUESTS' => '1'
    'CONTENT_TYPE' => 'application/x-www-form-urlencoded'
    'HTTP_USER_AGENT' => 'Mozilla/5.0 (Windows NT 10.0; Win64; x64) AppleWebKit/537.36 (KHTML, like Gecko) Chrome/74.0.3729.131 Safari/537.36'
    'HTTP_ACCEPT' => 'text/html,application/xhtml+xml,application/xml;q=0.9,image/webp,image/apng,*/*;q=0.8,application/signed-exchange;v=b3'
    'HTTP_REFERER' => 'http://localhost/srconsultores/frontend/web/index.php?r=site%2Fsignup'
    'HTTP_ACCEPT_ENCODING' => 'gzip, deflate, br'
    'HTTP_ACCEPT_LANGUAGE' => 'pt-PT,pt;q=0.9,en-US;q=0.8,en;q=0.7'
    'HTTP_COOKIE' => 'Webstorm-9b1e882d=cef382a3-e553-4d6b-84a2-b1b9178e5562; Phpstorm-2d701e70=47034a8b-7445-45ed-ab93-3de906270b16; hblid=t8xEsh6kGO70VyOz3m39N0Pabjoa39AR; olfsk=olfsk46817097319327705; gowash_retina=1; _identity-frontend=44df43e014f2ae07679d799f2ddd7fac618b26a1db366e20e55cdc66c09f1c86a%3A2%3A%7Bi%3A0%3Bs%3A18%3A%22_identity-frontend%22%3Bi%3A1%3Bs%3A46%3A%22%5B1%2C%22QZzO868YftkKIxHTGgZZPT7VYNy-1GWK%22%2C2592000%5D%22%3B%7D; advanced-backend=pn6c6ksr6tijpf77phc6tfv852; _csrf-backend=f917fa60ed413c648f20b39317322510ba8c30b6e22aba373c87d087385f9249a%3A2%3A%7Bi%3A0%3Bs%3A13%3A%22_csrf-backend%22%3Bi%3A1%3Bs%3A32%3A%228MdvY9XwLiskfpAyAnlNzlBz_ClfMFS6%22%3B%7D; advanced-frontend=3kqt69iinvmcih5b5git25lbus; _csrf-frontend=3365e75cd3a880d56ea323163f27f21b10eae798fa11fcafbc79d8df953783d2a%3A2%3A%7Bi%3A0%3Bs%3A14%3A%22_csrf-frontend%22%3Bi%3A1%3Bs%3A32%3A%22yQB-ks_H3pXxLZa8sgFSX5Z2MYXz7DTx%22%3B%7D'
    'PATH' => 'C:\\ProgramData\\Oracle\\Java\\javapath;C:\\Program Files (x86)\\Intel\\iCLS Client\\;C:\\Program Files\\Intel\\iCLS Client\\;C:\\Windows\\System32;C:\\Windows;C:\\Windows\\System32\\wbem;C:\\Windows\\System32\\WindowsPowerShell\\v1.0\\;C:\\Program Files (x86)\\Intel\\Intel(R) Management Engine Components\\DAL;C:\\Program Files\\Intel\\Intel(R) Management Engine Components\\DAL;C:\\Program Files (x86)\\Intel\\Intel(R) Management Engine Components\\IPT;C:\\Program Files\\Intel\\Intel(R) Management Engine Components\\IPT;C:\\Program Files\\Intel\\WiFi\\bin\\;C:\\Program Files\\Common Files\\Intel\\WirelessCommon\\;C:\\Windows\\System32;C:\\Windows;C:\\Windows\\System32\\wbem;C:\\Windows\\System32\\WindowsPowerShell\\v1.0\\;C:\\Program Files\\dotnet\\;C:\\Program Files (x86)\\GnuPG\\bin;C:\\ProgramData\\ComposerSetup\\bin;C:\\wamp64\\bin\\php\\php7.0.23;C:\\Program Files\\Microsoft SQL Server\\130\\Tools\\Binn\\;C:\\Program Files\\Microsoft SQL Server\\Client SDK\\ODBC\\130\\Tools\\Binn\\;C:\\Program Files (x86)\\Microsoft SQL Server\\140\\Tools\\Binn\\;C:\\Program Files\\Microsoft SQL Server\\140\\Tools\\Binn\\;C:\\Program Files\\Microsoft SQL Server\\140\\DTS\\Binn\\;C:\\Program Files (x86)\\NVIDIA Corporation\\PhysX\\Common;C:\\Windows\\System32;C:\\Windows;C:\\Windows\\System32\\wbem;C:\\Windows\\System32\\WindowsPowerShell\\v1.0\\;C:\\Windows\\System32\\OpenSSH\\;C:\\Program Files (x86)\\Microsoft SQL Server\\Client SDK\\ODBC\\130\\Tools\\Binn\\;C:\\Program Files (x86)\\Microsoft SQL Server\\140\\DTS\\Binn\\;C:\\Program Files (x86)\\Microsoft SQL Server\\140\\Tools\\Binn\\ManagementStudio\\;C:\\Program Files\\PuTTY\\;C:\\WINDOWS\\system32\\config\\systemprofile\\AppData\\Local\\Microsoft\\WindowsApps'
    'SystemRoot' => 'C:\\WINDOWS'
    'COMSPEC' => 'C:\\WINDOWS\\system32\\cmd.exe'
    'PATHEXT' => '.COM;.EXE;.BAT;.CMD;.VBS;.VBE;.JS;.JSE;.WSF;.WSH;.MSC'
    'WINDIR' => 'C:\\WINDOWS'
    'SERVER_SIGNATURE' => '<address>Apache/2.4.27 (Win64) PHP/7.1.9 Server at localhost Port 80</address>
'
    'SERVER_SOFTWARE' => 'Apache/2.4.27 (Win64) PHP/7.1.9'
    'SERVER_NAME' => 'localhost'
    'SERVER_ADDR' => '::1'
    'SERVER_PORT' => '80'
    'REMOTE_ADDR' => '::1'
    'DOCUMENT_ROOT' => 'C:/wamp64/www'
    'REQUEST_SCHEME' => 'http'
    'CONTEXT_PREFIX' => ''
    'CONTEXT_DOCUMENT_ROOT' => 'C:/wamp64/www'
    'SERVER_ADMIN' => 'wampserver@wampserver.invalid'
    'SCRIPT_FILENAME' => 'C:/wamp64/www/srconsultores/frontend/web/index.php'
    'REMOTE_PORT' => '52588'
    'GATEWAY_INTERFACE' => 'CGI/1.1'
    'SERVER_PROTOCOL' => 'HTTP/1.1'
    'REQUEST_METHOD' => 'POST'
    'QUERY_STRING' => 'r=site%2Fsignup'
    'REQUEST_URI' => '/srconsultores/frontend/web/index.php?r=site%2Fsignup'
    'SCRIPT_NAME' => '/srconsultores/frontend/web/index.php'
    'PHP_SELF' => '/srconsultores/frontend/web/index.php'
    'REQUEST_TIME_FLOAT' => 1557433426.176
    'REQUEST_TIME' => 1557433426
]
